2025-10-17 10:40:40 INFO  [background-preinit] o.h.validator.internal.util.Version - HV000001: Hibernate Validator 8.0.1.Final
2025-10-17 10:40:40 INFO  [main] c.d.m.MedicinalPlantsApiApplication - Starting MedicinalPlantsApiApplication using Java 21.0.8 with PID 28780 (C:\Users\kader\medicinal-plants-api\target\classes started by kader in C:\Users\kader\medicinal-plants-api)
2025-10-17 10:40:40 DEBUG [main] c.d.m.MedicinalPlantsApiApplication - Running with Spring Boot v3.2.5, Spring v6.1.6
2025-10-17 10:40:40 INFO  [main] c.d.m.MedicinalPlantsApiApplication - No active profile set, falling back to 1 default profile: "default"
2025-10-17 10:40:40 INFO  [main] o.s.d.r.c.RepositoryConfigurationDelegate - Bootstrapping Spring Data JPA repositories in DEFAULT mode.
2025-10-17 10:40:41 INFO  [main] o.s.d.r.c.RepositoryConfigurationDelegate - Finished Spring Data repository scanning in 36 ms. Found 2 JPA repository interfaces.
2025-10-17 10:40:41 INFO  [main] o.s.b.w.e.tomcat.TomcatWebServer - Tomcat initialized with port 8080 (http)
2025-10-17 10:40:41 INFO  [main] o.a.coyote.http11.Http11NioProtocol - Initializing ProtocolHandler ["http-nio-8080"]
2025-10-17 10:40:41 INFO  [main] o.a.catalina.core.StandardService - Starting service [Tomcat]
2025-10-17 10:40:41 INFO  [main] o.a.catalina.core.StandardEngine - Starting Servlet engine: [Apache Tomcat/10.1.20]
2025-10-17 10:40:41 INFO  [main] o.a.c.c.C.[Tomcat].[localhost].[/] - Initializing Spring embedded WebApplicationContext
2025-10-17 10:40:41 INFO  [main] o.s.b.w.s.c.ServletWebServerApplicationContext - Root WebApplicationContext: initialization completed in 1144 ms
2025-10-17 10:40:41 DEBUG [main] o.s.web.filter.CorsFilter - Filter 'corsFilter' configured for use
2025-10-17 10:40:41 INFO  [main] com.zaxxer.hikari.HikariDataSource - HikariPool-1 - Starting...
2025-10-17 10:40:41 INFO  [main] com.zaxxer.hikari.pool.HikariPool - HikariPool-1 - Added connection org.mariadb.jdbc.Connection@39f0c343
2025-10-17 10:40:41 INFO  [main] com.zaxxer.hikari.HikariDataSource - HikariPool-1 - Start completed.
2025-10-17 10:40:41 INFO  [main] o.h.jpa.internal.util.LogHelper - HHH000204: Processing PersistenceUnitInfo [name: default]
2025-10-17 10:40:41 INFO  [main] org.hibernate.Version - HHH000412: Hibernate ORM core version 6.4.4.Final
2025-10-17 10:40:41 INFO  [main] o.h.c.i.RegionFactoryInitiator - HHH000026: Second-level cache disabled
2025-10-17 10:40:41 INFO  [main] o.s.o.j.p.SpringPersistenceUnitInfo - No LoadTimeWeaver setup: ignoring JPA class transformer
2025-10-17 10:40:42 WARN  [main] org.hibernate.dialect.Dialect - HHH000511: The 9.1.0 version for [org.hibernate.dialect.MariaDBDialect] is no longer supported, hence certain features may not work properly. The minimum supported version is 10.4.0. Check the community dialects project for available legacy versions.
2025-10-17 10:40:42 WARN  [main] org.hibernate.orm.deprecation - HHH90000025: MariaDBDialect does not need to be specified explicitly using 'hibernate.dialect' (remove the property setting and it will be selected by default)
2025-10-17 10:40:42 INFO  [main] o.h.e.t.j.p.i.JtaPlatformInitiator - HHH000489: No JTA platform available (set 'hibernate.transaction.jta.platform' to enable JTA platform integration)
2025-10-17 10:40:42 DEBUG [main] org.hibernate.SQL - 
    create sequence users_seq start with 1 increment by 50 nocache
2025-10-17 10:40:42 WARN  [main] o.m.jdbc.message.server.ErrorPacket - Error: 1064-42000: Erreur de syntaxe près de 'sequence users_seq start with 1 increment by 50 nocache' à la ligne 1
2025-10-17 10:40:42 WARN  [main] o.h.t.s.i.ExceptionHandlerLoggedImpl - GenerationTarget encountered exception accepting command : Error executing DDL "
    create sequence users_seq start with 1 increment by 50 nocache" via JDBC [(conn=8) Erreur de syntaxe près de 'sequence users_seq start with 1 increment by 50 nocache' à la ligne 1]
org.hibernate.tool.schema.spi.CommandAcceptanceException: Error executing DDL "
    create sequence users_seq start with 1 increment by 50 nocache" via JDBC [(conn=8) Erreur de syntaxe près de 'sequence users_seq start with 1 increment by 50 nocache' à la ligne 1]
	at org.hibernate.tool.schema.internal.exec.GenerationTargetToDatabase.accept(GenerationTargetToDatabase.java:94)
	at org.hibernate.tool.schema.internal.AbstractSchemaMigrator.applySqlString(AbstractSchemaMigrator.java:574)
	at org.hibernate.tool.schema.internal.AbstractSchemaMigrator.applySqlStrings(AbstractSchemaMigrator.java:514)
	at org.hibernate.tool.schema.internal.AbstractSchemaMigrator.applySequence(AbstractSchemaMigrator.java:298)
	at org.hibernate.tool.schema.internal.AbstractSchemaMigrator.performMigration(AbstractSchemaMigrator.java:253)
	at org.hibernate.tool.schema.internal.AbstractSchemaMigrator.doMigration(AbstractSchemaMigrator.java:117)
	at org.hibernate.tool.schema.spi.SchemaManagementToolCoordinator.performDatabaseAction(SchemaManagementToolCoordinator.java:286)
	at org.hibernate.tool.schema.spi.SchemaManagementToolCoordinator.lambda$process$5(SchemaManagementToolCoordinator.java:145)
	at java.base/java.util.HashMap.forEach(HashMap.java:1429)
	at org.hibernate.tool.schema.spi.SchemaManagementToolCoordinator.process(SchemaManagementToolCoordinator.java:142)
	at org.hibernate.boot.internal.SessionFactoryObserverForSchemaExport.sessionFactoryCreated(SessionFactoryObserverForSchemaExport.java:37)
	at org.hibernate.internal.SessionFactoryObserverChain.sessionFactoryCreated(SessionFactoryObserverChain.java:35)
	at org.hibernate.internal.SessionFactoryImpl.<init>(SessionFactoryImpl.java:315)
	at org.hibernate.boot.internal.SessionFactoryBuilderImpl.build(SessionFactoryBuilderImpl.java:450)
	at org.hibernate.jpa.boot.internal.EntityManagerFactoryBuilderImpl.build(EntityManagerFactoryBuilderImpl.java:1507)
	at org.springframework.orm.jpa.vendor.SpringHibernateJpaPersistenceProvider.createContainerEntityManagerFactory(SpringHibernateJpaPersistenceProvider.java:75)
	at org.springframework.orm.jpa.LocalContainerEntityManagerFactoryBean.createNativeEntityManagerFactory(LocalContainerEntityManagerFactoryBean.java:390)
	at org.springframework.orm.jpa.AbstractEntityManagerFactoryBean.buildNativeEntityManagerFactory(AbstractEntityManagerFactoryBean.java:409)
	at org.springframework.orm.jpa.AbstractEntityManagerFactoryBean.afterPropertiesSet(AbstractEntityManagerFactoryBean.java:396)
	at org.springframework.orm.jpa.LocalContainerEntityManagerFactoryBean.afterPropertiesSet(LocalContainerEntityManagerFactoryBean.java:366)
	at org.springframework.beans.factory.support.AbstractAutowireCapableBeanFactory.invokeInitMethods(AbstractAutowireCapableBeanFactory.java:1833)
	at org.springframework.beans.factory.support.AbstractAutowireCapableBeanFactory.initializeBean(AbstractAutowireCapableBeanFactory.java:1782)
	at org.springframework.beans.factory.support.AbstractAutowireCapableBeanFactory.doCreateBean(AbstractAutowireCapableBeanFactory.java:600)
	at org.springframework.beans.factory.support.AbstractAutowireCapableBeanFactory.createBean(AbstractAutowireCapableBeanFactory.java:522)
	at org.springframework.beans.factory.support.AbstractBeanFactory.lambda$doGetBean$0(AbstractBeanFactory.java:326)
	at org.springframework.beans.factory.support.DefaultSingletonBeanRegistry.getSingleton(DefaultSingletonBeanRegistry.java:234)
	at org.springframework.beans.factory.support.AbstractBeanFactory.doGetBean(AbstractBeanFactory.java:324)
	at org.springframework.beans.factory.support.AbstractBeanFactory.getBean(AbstractBeanFactory.java:200)
	at org.springframework.context.support.AbstractApplicationContext.getBean(AbstractApplicationContext.java:1234)
	at org.springframework.context.support.AbstractApplicationContext.finishBeanFactoryInitialization(AbstractApplicationContext.java:952)
	at org.springframework.context.support.AbstractApplicationContext.refresh(AbstractApplicationContext.java:624)
	at org.springframework.boot.web.servlet.context.ServletWebServerApplicationContext.refresh(ServletWebServerApplicationContext.java:146)
	at org.springframework.boot.SpringApplication.refresh(SpringApplication.java:754)
	at org.springframework.boot.SpringApplication.refreshContext(SpringApplication.java:456)
	at org.springframework.boot.SpringApplication.run(SpringApplication.java:334)
	at org.springframework.boot.SpringApplication.run(SpringApplication.java:1354)
	at org.springframework.boot.SpringApplication.run(SpringApplication.java:1343)
	at com.devfullstack.medicinal_plants_api.MedicinalPlantsApiApplication.main(MedicinalPlantsApiApplication.java:14)
Caused by: java.sql.SQLSyntaxErrorException: (conn=8) Erreur de syntaxe près de 'sequence users_seq start with 1 increment by 50 nocache' à la ligne 1
	at org.mariadb.jdbc.export.ExceptionFactory.createException(ExceptionFactory.java:289)
	at org.mariadb.jdbc.export.ExceptionFactory.create(ExceptionFactory.java:378)
	at org.mariadb.jdbc.message.ClientMessage.readPacket(ClientMessage.java:172)
	at org.mariadb.jdbc.client.impl.StandardClient.readPacket(StandardClient.java:915)
	at org.mariadb.jdbc.client.impl.StandardClient.readResults(StandardClient.java:854)
	at org.mariadb.jdbc.client.impl.StandardClient.readResponse(StandardClient.java:773)
	at org.mariadb.jdbc.client.impl.StandardClient.execute(StandardClient.java:697)
	at org.mariadb.jdbc.Statement.executeInternal(Statement.java:1035)
	at org.mariadb.jdbc.Statement.execute(Statement.java:1165)
	at org.mariadb.jdbc.Statement.execute(Statement.java:493)
	at com.zaxxer.hikari.pool.ProxyStatement.execute(ProxyStatement.java:94)
	at com.zaxxer.hikari.pool.HikariProxyStatement.execute(HikariProxyStatement.java)
	at org.hibernate.tool.schema.internal.exec.GenerationTargetToDatabase.accept(GenerationTargetToDatabase.java:80)
	... 37 common frames omitted
2025-10-17 10:40:42 DEBUG [main] org.hibernate.SQL - 
    alter table user_roles 
       add constraint FKhfh9dx7w3ubf1co1vdev94g3f 
       foreign key (user_id) 
       references users (id)
2025-10-17 10:40:42 INFO  [main] o.s.o.j.LocalContainerEntityManagerFactoryBean - Initialized JPA EntityManagerFactory for persistence unit 'default'
2025-10-17 10:40:43 WARN  [main] o.s.b.a.o.j.JpaBaseConfiguration$JpaWebConfiguration - spring.jpa.open-in-view is enabled by default. Therefore, database queries may be performed during view rendering. Explicitly configure spring.jpa.open-in-view to disable this warning
2025-10-17 10:40:43 DEBUG [main] o.s.w.s.m.m.a.RequestMappingHandlerMapping - 22 mappings in 'requestMappingHandlerMapping'
2025-10-17 10:40:43 DEBUG [main] o.s.w.s.h.SimpleUrlHandlerMapping - Patterns [/webjars/**, /**, /swagger-ui*/*swagger-initializer.js, /swagger-ui*/**] in 'resourceHandlerMapping'
2025-10-17 10:40:43 INFO  [main] o.s.s.web.DefaultSecurityFilterChain - Will secure any request with [org.springframework.security.web.session.DisableEncodeUrlFilter@5a8149f6, org.springframework.security.web.context.request.async.WebAsyncManagerIntegrationFilter@672549f3, org.springframework.security.web.context.SecurityContextHolderFilter@2c3f81ef, org.springframework.security.web.header.HeaderWriterFilter@709c6768, org.springframework.web.filter.CorsFilter@4791d904, org.springframework.security.web.csrf.CsrfFilter@76685ab0, org.springframework.security.web.authentication.www.BasicAuthenticationFilter@60cbba57, org.springframework.security.web.savedrequest.RequestCacheAwareFilter@712dd0b0, org.springframework.security.web.servletapi.SecurityContextHolderAwareRequestFilter@6b3284, org.springframework.security.web.authentication.AnonymousAuthenticationFilter@6ba516ff, org.springframework.security.web.session.SessionManagementFilter@403b7be3, org.springframework.security.web.access.ExceptionTranslationFilter@5924ea91, org.springframework.security.web.access.intercept.AuthorizationFilter@2f403d0a]
2025-10-17 10:40:43 DEBUG [main] o.s.w.s.m.m.a.RequestMappingHandlerAdapter - ControllerAdvice beans: 0 @ModelAttribute, 0 @InitBinder, 1 RequestBodyAdvice, 1 ResponseBodyAdvice
2025-10-17 10:40:43 DEBUG [main] o.s.w.s.m.m.a.ExceptionHandlerExceptionResolver - ControllerAdvice beans: 2 @ExceptionHandler, 1 ResponseBodyAdvice
2025-10-17 10:40:43 INFO  [main] o.a.coyote.http11.Http11NioProtocol - Starting ProtocolHandler ["http-nio-8080"]
2025-10-17 10:40:43 INFO  [main] o.s.b.w.e.tomcat.TomcatWebServer - Tomcat started on port 8080 (http) with context path ''
2025-10-17 10:40:43 INFO  [main] c.d.m.MedicinalPlantsApiApplication - Started MedicinalPlantsApiApplication in 3.965 seconds (process running for 4.599)
2025-10-17 10:40:44 DEBUG [main] org.hibernate.SQL - 
    select
        count(*) 
    from
        plant p1_0
2025-10-17 10:41:31 INFO  [http-nio-8080-exec-1] o.a.c.c.C.[Tomcat].[localhost].[/] - Initializing Spring DispatcherServlet 'dispatcherServlet'
2025-10-17 10:41:31 INFO  [http-nio-8080-exec-1] o.s.web.servlet.DispatcherServlet - Initializing Servlet 'dispatcherServlet'
2025-10-17 10:41:31 DEBUG [http-nio-8080-exec-1] o.s.web.servlet.DispatcherServlet - Detected StandardServletMultipartResolver
2025-10-17 10:41:31 DEBUG [http-nio-8080-exec-1] o.s.web.servlet.DispatcherServlet - Detected AcceptHeaderLocaleResolver
2025-10-17 10:41:31 DEBUG [http-nio-8080-exec-1] o.s.web.servlet.DispatcherServlet - Detected FixedThemeResolver
2025-10-17 10:41:31 DEBUG [http-nio-8080-exec-1] o.s.web.servlet.DispatcherServlet - Detected org.springframework.web.servlet.view.DefaultRequestToViewNameTranslator@218c6d3e
2025-10-17 10:41:31 DEBUG [http-nio-8080-exec-1] o.s.web.servlet.DispatcherServlet - Detected org.springframework.web.servlet.support.SessionFlashMapManager@7f6137fb
2025-10-17 10:41:31 DEBUG [http-nio-8080-exec-1] o.s.web.servlet.DispatcherServlet - enableLoggingRequestDetails='false': request parameters and headers will be masked to prevent unsafe logging of potentially sensitive data
2025-10-17 10:41:31 INFO  [http-nio-8080-exec-1] o.s.web.servlet.DispatcherServlet - Completed initialization in 3 ms
2025-10-17 10:41:31 DEBUG [http-nio-8080-exec-1] o.s.web.servlet.DispatcherServlet - GET "/api/plants", parameters={}
2025-10-17 10:41:31 DEBUG [http-nio-8080-exec-1] o.s.w.s.m.m.a.RequestMappingHandlerMapping - Mapped to com.devfullstack.medicinal_plants_api.controller.PlantController#getAll()
2025-10-17 10:41:31 DEBUG [http-nio-8080-exec-1] org.hibernate.SQL - 
    select
        p1_0.id,
        p1_0.description,
        p1_0.image_url,
        p1_0.name,
        p1_0.origin,
        p1_0.season_found 
    from
        plant p1_0
2025-10-17 10:41:31 DEBUG [http-nio-8080-exec-1] o.s.w.s.m.m.a.HttpEntityMethodProcessor - Using 'application/json', given [application/json, text/plain, */*] and supported [application/json, application/*+json]
2025-10-17 10:41:31 DEBUG [http-nio-8080-exec-1] o.s.w.s.m.m.a.HttpEntityMethodProcessor - Writing [[PlantResponseDTO(id=88, name=Romarin, origin=Bassin méditerranéen, description=Stimulant circulatoi (truncated)...]
2025-10-17 10:41:31 DEBUG [http-nio-8080-exec-1] o.s.web.servlet.DispatcherServlet - Completed 200 OK
2025-10-17 10:41:31 DEBUG [http-nio-8080-exec-2] o.s.web.servlet.DispatcherServlet - GET "/api/plants", parameters={}
2025-10-17 10:41:31 DEBUG [http-nio-8080-exec-2] o.s.w.s.m.m.a.RequestMappingHandlerMapping - Mapped to com.devfullstack.medicinal_plants_api.controller.PlantController#getAll()
2025-10-17 10:41:31 DEBUG [http-nio-8080-exec-2] org.hibernate.SQL - 
    select
        p1_0.id,
        p1_0.description,
        p1_0.image_url,
        p1_0.name,
        p1_0.origin,
        p1_0.season_found 
    from
        plant p1_0
2025-10-17 10:41:31 DEBUG [http-nio-8080-exec-2] o.s.w.s.m.m.a.HttpEntityMethodProcessor - Using 'application/json', given [application/json, text/plain, */*] and supported [application/json, application/*+json]
2025-10-17 10:41:31 DEBUG [http-nio-8080-exec-2] o.s.w.s.m.m.a.HttpEntityMethodProcessor - Writing [[PlantResponseDTO(id=88, name=Romarin, origin=Bassin méditerranéen, description=Stimulant circulatoi (truncated)...]
2025-10-17 10:41:31 DEBUG [http-nio-8080-exec-2] o.s.web.servlet.DispatcherServlet - Completed 200 OK
2025-10-17 10:43:27 INFO  [SpringApplicationShutdownHook] o.s.o.j.LocalContainerEntityManagerFactoryBean - Closing JPA EntityManagerFactory for persistence unit 'default'
2025-10-17 10:43:27 INFO  [SpringApplicationShutdownHook] com.zaxxer.hikari.HikariDataSource - HikariPool-1 - Shutdown initiated...
2025-10-17 10:43:27 INFO  [SpringApplicationShutdownHook] com.zaxxer.hikari.HikariDataSource - HikariPool-1 - Shutdown completed.
2025-10-17 10:43:29 INFO  [background-preinit] o.h.validator.internal.util.Version - HV000001: Hibernate Validator 8.0.1.Final
2025-10-17 10:43:29 INFO  [main] c.d.m.MedicinalPlantsApiApplication - Starting MedicinalPlantsApiApplication using Java 21.0.8 with PID 19248 (C:\Users\kader\medicinal-plants-api\target\classes started by kader in C:\Users\kader\medicinal-plants-api)
2025-10-17 10:43:29 DEBUG [main] c.d.m.MedicinalPlantsApiApplication - Running with Spring Boot v3.2.5, Spring v6.1.6
2025-10-17 10:43:29 INFO  [main] c.d.m.MedicinalPlantsApiApplication - No active profile set, falling back to 1 default profile: "default"
2025-10-17 10:43:30 INFO  [main] o.s.d.r.c.RepositoryConfigurationDelegate - Bootstrapping Spring Data JPA repositories in DEFAULT mode.
2025-10-17 10:43:30 INFO  [main] o.s.d.r.c.RepositoryConfigurationDelegate - Finished Spring Data repository scanning in 35 ms. Found 2 JPA repository interfaces.
2025-10-17 10:43:30 INFO  [main] o.s.b.w.e.tomcat.TomcatWebServer - Tomcat initialized with port 8080 (http)
2025-10-17 10:43:30 INFO  [main] o.a.coyote.http11.Http11NioProtocol - Initializing ProtocolHandler ["http-nio-8080"]
2025-10-17 10:43:30 INFO  [main] o.a.catalina.core.StandardService - Starting service [Tomcat]
2025-10-17 10:43:30 INFO  [main] o.a.catalina.core.StandardEngine - Starting Servlet engine: [Apache Tomcat/10.1.20]
2025-10-17 10:43:30 INFO  [main] o.a.c.c.C.[Tomcat].[localhost].[/] - Initializing Spring embedded WebApplicationContext
2025-10-17 10:43:30 INFO  [main] o.s.b.w.s.c.ServletWebServerApplicationContext - Root WebApplicationContext: initialization completed in 1075 ms
2025-10-17 10:43:30 DEBUG [main] o.s.web.filter.CorsFilter - Filter 'corsFilter' configured for use
2025-10-17 10:43:31 INFO  [main] com.zaxxer.hikari.HikariDataSource - HikariPool-1 - Starting...
2025-10-17 10:43:31 INFO  [main] com.zaxxer.hikari.pool.HikariPool - HikariPool-1 - Added connection org.mariadb.jdbc.Connection@7ea71fc2
2025-10-17 10:43:31 INFO  [main] com.zaxxer.hikari.HikariDataSource - HikariPool-1 - Start completed.
2025-10-17 10:43:31 INFO  [main] o.h.jpa.internal.util.LogHelper - HHH000204: Processing PersistenceUnitInfo [name: default]
2025-10-17 10:43:31 INFO  [main] org.hibernate.Version - HHH000412: Hibernate ORM core version 6.4.4.Final
2025-10-17 10:43:31 INFO  [main] o.h.c.i.RegionFactoryInitiator - HHH000026: Second-level cache disabled
2025-10-17 10:43:31 INFO  [main] o.s.o.j.p.SpringPersistenceUnitInfo - No LoadTimeWeaver setup: ignoring JPA class transformer
2025-10-17 10:43:31 WARN  [main] org.hibernate.dialect.Dialect - HHH000511: The 9.1.0 version for [org.hibernate.dialect.MariaDBDialect] is no longer supported, hence certain features may not work properly. The minimum supported version is 10.4.0. Check the community dialects project for available legacy versions.
2025-10-17 10:43:31 WARN  [main] org.hibernate.orm.deprecation - HHH90000025: MariaDBDialect does not need to be specified explicitly using 'hibernate.dialect' (remove the property setting and it will be selected by default)
2025-10-17 10:43:32 INFO  [main] o.h.e.t.j.p.i.JtaPlatformInitiator - HHH000489: No JTA platform available (set 'hibernate.transaction.jta.platform' to enable JTA platform integration)
2025-10-17 10:43:32 DEBUG [main] org.hibernate.SQL - 
    create sequence users_seq start with 1 increment by 50 nocache
2025-10-17 10:43:32 WARN  [main] o.m.jdbc.message.server.ErrorPacket - Error: 1064-42000: Erreur de syntaxe près de 'sequence users_seq start with 1 increment by 50 nocache' à la ligne 1
2025-10-17 10:43:32 WARN  [main] o.h.t.s.i.ExceptionHandlerLoggedImpl - GenerationTarget encountered exception accepting command : Error executing DDL "
    create sequence users_seq start with 1 increment by 50 nocache" via JDBC [(conn=86) Erreur de syntaxe près de 'sequence users_seq start with 1 increment by 50 nocache' à la ligne 1]
org.hibernate.tool.schema.spi.CommandAcceptanceException: Error executing DDL "
    create sequence users_seq start with 1 increment by 50 nocache" via JDBC [(conn=86) Erreur de syntaxe près de 'sequence users_seq start with 1 increment by 50 nocache' à la ligne 1]
	at org.hibernate.tool.schema.internal.exec.GenerationTargetToDatabase.accept(GenerationTargetToDatabase.java:94)
	at org.hibernate.tool.schema.internal.AbstractSchemaMigrator.applySqlString(AbstractSchemaMigrator.java:574)
	at org.hibernate.tool.schema.internal.AbstractSchemaMigrator.applySqlStrings(AbstractSchemaMigrator.java:514)
	at org.hibernate.tool.schema.internal.AbstractSchemaMigrator.applySequence(AbstractSchemaMigrator.java:298)
	at org.hibernate.tool.schema.internal.AbstractSchemaMigrator.performMigration(AbstractSchemaMigrator.java:253)
	at org.hibernate.tool.schema.internal.AbstractSchemaMigrator.doMigration(AbstractSchemaMigrator.java:117)
	at org.hibernate.tool.schema.spi.SchemaManagementToolCoordinator.performDatabaseAction(SchemaManagementToolCoordinator.java:286)
	at org.hibernate.tool.schema.spi.SchemaManagementToolCoordinator.lambda$process$5(SchemaManagementToolCoordinator.java:145)
	at java.base/java.util.HashMap.forEach(HashMap.java:1429)
	at org.hibernate.tool.schema.spi.SchemaManagementToolCoordinator.process(SchemaManagementToolCoordinator.java:142)
	at org.hibernate.boot.internal.SessionFactoryObserverForSchemaExport.sessionFactoryCreated(SessionFactoryObserverForSchemaExport.java:37)
	at org.hibernate.internal.SessionFactoryObserverChain.sessionFactoryCreated(SessionFactoryObserverChain.java:35)
	at org.hibernate.internal.SessionFactoryImpl.<init>(SessionFactoryImpl.java:315)
	at org.hibernate.boot.internal.SessionFactoryBuilderImpl.build(SessionFactoryBuilderImpl.java:450)
	at org.hibernate.jpa.boot.internal.EntityManagerFactoryBuilderImpl.build(EntityManagerFactoryBuilderImpl.java:1507)
	at org.springframework.orm.jpa.vendor.SpringHibernateJpaPersistenceProvider.createContainerEntityManagerFactory(SpringHibernateJpaPersistenceProvider.java:75)
	at org.springframework.orm.jpa.LocalContainerEntityManagerFactoryBean.createNativeEntityManagerFactory(LocalContainerEntityManagerFactoryBean.java:390)
	at org.springframework.orm.jpa.AbstractEntityManagerFactoryBean.buildNativeEntityManagerFactory(AbstractEntityManagerFactoryBean.java:409)
	at org.springframework.orm.jpa.AbstractEntityManagerFactoryBean.afterPropertiesSet(AbstractEntityManagerFactoryBean.java:396)
	at org.springframework.orm.jpa.LocalContainerEntityManagerFactoryBean.afterPropertiesSet(LocalContainerEntityManagerFactoryBean.java:366)
	at org.springframework.beans.factory.support.AbstractAutowireCapableBeanFactory.invokeInitMethods(AbstractAutowireCapableBeanFactory.java:1833)
	at org.springframework.beans.factory.support.AbstractAutowireCapableBeanFactory.initializeBean(AbstractAutowireCapableBeanFactory.java:1782)
	at org.springframework.beans.factory.support.AbstractAutowireCapableBeanFactory.doCreateBean(AbstractAutowireCapableBeanFactory.java:600)
	at org.springframework.beans.factory.support.AbstractAutowireCapableBeanFactory.createBean(AbstractAutowireCapableBeanFactory.java:522)
	at org.springframework.beans.factory.support.AbstractBeanFactory.lambda$doGetBean$0(AbstractBeanFactory.java:326)
	at org.springframework.beans.factory.support.DefaultSingletonBeanRegistry.getSingleton(DefaultSingletonBeanRegistry.java:234)
	at org.springframework.beans.factory.support.AbstractBeanFactory.doGetBean(AbstractBeanFactory.java:324)
	at org.springframework.beans.factory.support.AbstractBeanFactory.getBean(AbstractBeanFactory.java:200)
	at org.springframework.context.support.AbstractApplicationContext.getBean(AbstractApplicationContext.java:1234)
	at org.springframework.context.support.AbstractApplicationContext.finishBeanFactoryInitialization(AbstractApplicationContext.java:952)
	at org.springframework.context.support.AbstractApplicationContext.refresh(AbstractApplicationContext.java:624)
	at org.springframework.boot.web.servlet.context.ServletWebServerApplicationContext.refresh(ServletWebServerApplicationContext.java:146)
	at org.springframework.boot.SpringApplication.refresh(SpringApplication.java:754)
	at org.springframework.boot.SpringApplication.refreshContext(SpringApplication.java:456)
	at org.springframework.boot.SpringApplication.run(SpringApplication.java:334)
	at org.springframework.boot.SpringApplication.run(SpringApplication.java:1354)
	at org.springframework.boot.SpringApplication.run(SpringApplication.java:1343)
	at com.devfullstack.medicinal_plants_api.MedicinalPlantsApiApplication.main(MedicinalPlantsApiApplication.java:14)
Caused by: java.sql.SQLSyntaxErrorException: (conn=86) Erreur de syntaxe près de 'sequence users_seq start with 1 increment by 50 nocache' à la ligne 1
	at org.mariadb.jdbc.export.ExceptionFactory.createException(ExceptionFactory.java:289)
	at org.mariadb.jdbc.export.ExceptionFactory.create(ExceptionFactory.java:378)
	at org.mariadb.jdbc.message.ClientMessage.readPacket(ClientMessage.java:172)
	at org.mariadb.jdbc.client.impl.StandardClient.readPacket(StandardClient.java:915)
	at org.mariadb.jdbc.client.impl.StandardClient.readResults(StandardClient.java:854)
	at org.mariadb.jdbc.client.impl.StandardClient.readResponse(StandardClient.java:773)
	at org.mariadb.jdbc.client.impl.StandardClient.execute(StandardClient.java:697)
	at org.mariadb.jdbc.Statement.executeInternal(Statement.java:1035)
	at org.mariadb.jdbc.Statement.execute(Statement.java:1165)
	at org.mariadb.jdbc.Statement.execute(Statement.java:493)
	at com.zaxxer.hikari.pool.ProxyStatement.execute(ProxyStatement.java:94)
	at com.zaxxer.hikari.pool.HikariProxyStatement.execute(HikariProxyStatement.java)
	at org.hibernate.tool.schema.internal.exec.GenerationTargetToDatabase.accept(GenerationTargetToDatabase.java:80)
	... 37 common frames omitted
2025-10-17 10:43:32 DEBUG [main] org.hibernate.SQL - 
    alter table user_roles 
       add constraint FKhfh9dx7w3ubf1co1vdev94g3f 
       foreign key (user_id) 
       references users (id)
2025-10-17 10:43:32 INFO  [main] o.s.o.j.LocalContainerEntityManagerFactoryBean - Initialized JPA EntityManagerFactory for persistence unit 'default'
2025-10-17 10:43:32 WARN  [main] o.s.b.a.o.j.JpaBaseConfiguration$JpaWebConfiguration - spring.jpa.open-in-view is enabled by default. Therefore, database queries may be performed during view rendering. Explicitly configure spring.jpa.open-in-view to disable this warning
2025-10-17 10:43:32 DEBUG [main] o.s.w.s.m.m.a.RequestMappingHandlerMapping - 22 mappings in 'requestMappingHandlerMapping'
2025-10-17 10:43:32 DEBUG [main] o.s.w.s.h.SimpleUrlHandlerMapping - Patterns [/webjars/**, /**, /swagger-ui*/*swagger-initializer.js, /swagger-ui*/**] in 'resourceHandlerMapping'
2025-10-17 10:43:32 INFO  [main] o.s.s.web.DefaultSecurityFilterChain - Will secure any request with [org.springframework.security.web.session.DisableEncodeUrlFilter@167ccc3c, org.springframework.security.web.context.request.async.WebAsyncManagerIntegrationFilter@292b7a02, org.springframework.security.web.context.SecurityContextHolderFilter@726d0482, org.springframework.security.web.header.HeaderWriterFilter@2e2a2b07, org.springframework.web.filter.CorsFilter@3e242137, org.springframework.security.web.csrf.CsrfFilter@73bd146c, org.springframework.security.web.authentication.www.BasicAuthenticationFilter@52cda4bd, org.springframework.security.web.savedrequest.RequestCacheAwareFilter@2f403d0a, org.springframework.security.web.servletapi.SecurityContextHolderAwareRequestFilter@186fc6e, org.springframework.security.web.authentication.AnonymousAuthenticationFilter@25dacc5a, org.springframework.security.web.session.SessionManagementFilter@e1d2781, org.springframework.security.web.access.ExceptionTranslationFilter@78d49939, org.springframework.security.web.access.intercept.AuthorizationFilter@4791d904]
2025-10-17 10:43:32 DEBUG [main] o.s.w.s.m.m.a.RequestMappingHandlerAdapter - ControllerAdvice beans: 0 @ModelAttribute, 0 @InitBinder, 1 RequestBodyAdvice, 1 ResponseBodyAdvice
2025-10-17 10:43:32 DEBUG [main] o.s.w.s.m.m.a.ExceptionHandlerExceptionResolver - ControllerAdvice beans: 2 @ExceptionHandler, 1 ResponseBodyAdvice
2025-10-17 10:43:32 INFO  [main] o.a.coyote.http11.Http11NioProtocol - Starting ProtocolHandler ["http-nio-8080"]
2025-10-17 10:43:32 INFO  [main] o.s.b.w.e.tomcat.TomcatWebServer - Tomcat started on port 8080 (http) with context path ''
2025-10-17 10:43:32 INFO  [main] c.d.m.MedicinalPlantsApiApplication - Started MedicinalPlantsApiApplication in 3.556 seconds (process running for 4.262)
2025-10-17 10:43:33 DEBUG [main] org.hibernate.SQL - 
    select
        count(*) 
    from
        plant p1_0
2025-10-17 10:43:33 DEBUG [main] org.hibernate.SQL - 
    insert 
    into
        plant
        (description, image_url, name, origin, season_found) 
    values
        (?, ?, ?, ?, ?)
2025-10-17 10:43:33 DEBUG [main] org.hibernate.SQL - 
    insert 
    into
        plant
        (description, image_url, name, origin, season_found) 
    values
        (?, ?, ?, ?, ?)
2025-10-17 10:43:33 DEBUG [main] org.hibernate.SQL - 
    insert 
    into
        plant
        (description, image_url, name, origin, season_found) 
    values
        (?, ?, ?, ?, ?)
2025-10-17 10:43:33 DEBUG [main] org.hibernate.SQL - 
    insert 
    into
        plant
        (description, image_url, name, origin, season_found) 
    values
        (?, ?, ?, ?, ?)
2025-10-17 10:43:33 DEBUG [main] org.hibernate.SQL - 
    insert 
    into
        plant
        (description, image_url, name, origin, season_found) 
    values
        (?, ?, ?, ?, ?)
2025-10-17 10:43:33 DEBUG [main] org.hibernate.SQL - 
    insert 
    into
        plant
        (description, image_url, name, origin, season_found) 
    values
        (?, ?, ?, ?, ?)
2025-10-17 10:43:33 DEBUG [main] org.hibernate.SQL - 
    insert 
    into
        plant
        (description, image_url, name, origin, season_found) 
    values
        (?, ?, ?, ?, ?)
2025-10-17 10:43:33 DEBUG [main] org.hibernate.SQL - 
    insert 
    into
        plant
        (description, image_url, name, origin, season_found) 
    values
        (?, ?, ?, ?, ?)
2025-10-17 10:43:43 INFO  [http-nio-8080-exec-2] o.a.c.c.C.[Tomcat].[localhost].[/] - Initializing Spring DispatcherServlet 'dispatcherServlet'
2025-10-17 10:43:43 INFO  [http-nio-8080-exec-2] o.s.web.servlet.DispatcherServlet - Initializing Servlet 'dispatcherServlet'
2025-10-17 10:43:43 DEBUG [http-nio-8080-exec-2] o.s.web.servlet.DispatcherServlet - Detected StandardServletMultipartResolver
2025-10-17 10:43:43 DEBUG [http-nio-8080-exec-2] o.s.web.servlet.DispatcherServlet - Detected AcceptHeaderLocaleResolver
2025-10-17 10:43:43 DEBUG [http-nio-8080-exec-2] o.s.web.servlet.DispatcherServlet - Detected FixedThemeResolver
2025-10-17 10:43:43 DEBUG [http-nio-8080-exec-2] o.s.web.servlet.DispatcherServlet - Detected org.springframework.web.servlet.view.DefaultRequestToViewNameTranslator@27ea7c8f
2025-10-17 10:43:43 DEBUG [http-nio-8080-exec-2] o.s.web.servlet.DispatcherServlet - Detected org.springframework.web.servlet.support.SessionFlashMapManager@11ec699
2025-10-17 10:43:43 DEBUG [http-nio-8080-exec-2] o.s.web.servlet.DispatcherServlet - enableLoggingRequestDetails='false': request parameters and headers will be masked to prevent unsafe logging of potentially sensitive data
2025-10-17 10:43:43 INFO  [http-nio-8080-exec-2] o.s.web.servlet.DispatcherServlet - Completed initialization in 5 ms
2025-10-17 10:43:43 DEBUG [http-nio-8080-exec-2] o.s.web.servlet.DispatcherServlet - GET "/api/plants", parameters={}
2025-10-17 10:43:43 DEBUG [http-nio-8080-exec-2] o.s.w.s.m.m.a.RequestMappingHandlerMapping - Mapped to com.devfullstack.medicinal_plants_api.controller.PlantController#getAll()
2025-10-17 10:43:44 DEBUG [http-nio-8080-exec-2] org.hibernate.SQL - 
    select
        p1_0.id,
        p1_0.description,
        p1_0.image_url,
        p1_0.name,
        p1_0.origin,
        p1_0.season_found 
    from
        plant p1_0
2025-10-17 10:43:44 DEBUG [http-nio-8080-exec-2] o.s.w.s.m.m.a.HttpEntityMethodProcessor - Using 'application/json', given [application/json, text/plain, */*] and supported [application/json, application/*+json]
2025-10-17 10:43:44 DEBUG [http-nio-8080-exec-2] o.s.w.s.m.m.a.HttpEntityMethodProcessor - Writing [[PlantResponseDTO(id=89, name=Aloe Vera, origin=Afrique du Nord, description=Plante médicinale connu (truncated)...]
2025-10-17 10:43:44 DEBUG [http-nio-8080-exec-2] o.s.web.servlet.DispatcherServlet - Completed 200 OK
2025-10-17 10:43:44 DEBUG [http-nio-8080-exec-1] o.s.web.servlet.DispatcherServlet - GET "/api/plants", parameters={}
2025-10-17 10:43:44 DEBUG [http-nio-8080-exec-1] o.s.w.s.m.m.a.RequestMappingHandlerMapping - Mapped to com.devfullstack.medicinal_plants_api.controller.PlantController#getAll()
2025-10-17 10:43:44 DEBUG [http-nio-8080-exec-1] org.hibernate.SQL - 
    select
        p1_0.id,
        p1_0.description,
        p1_0.image_url,
        p1_0.name,
        p1_0.origin,
        p1_0.season_found 
    from
        plant p1_0
2025-10-17 10:43:44 DEBUG [http-nio-8080-exec-1] o.s.w.s.m.m.a.HttpEntityMethodProcessor - Using 'application/json', given [application/json, text/plain, */*] and supported [application/json, application/*+json]
2025-10-17 10:43:44 DEBUG [http-nio-8080-exec-1] o.s.w.s.m.m.a.HttpEntityMethodProcessor - Writing [[PlantResponseDTO(id=89, name=Aloe Vera, origin=Afrique du Nord, description=Plante médicinale connu (truncated)...]
2025-10-17 10:43:44 DEBUG [http-nio-8080-exec-1] o.s.web.servlet.DispatcherServlet - Completed 200 OK
2025-10-17 10:43:53 DEBUG [http-nio-8080-exec-3] o.s.web.servlet.DispatcherServlet - GET "/api/images", parameters={}
2025-10-17 10:43:53 DEBUG [http-nio-8080-exec-4] o.s.web.servlet.DispatcherServlet - GET "/api/plants", parameters={}
2025-10-17 10:43:53 DEBUG [http-nio-8080-exec-3] o.s.w.s.m.m.a.RequestMappingHandlerMapping - Mapped to com.devfullstack.medicinal_plants_api.controller.ImageController#getAllImages()
2025-10-17 10:43:53 DEBUG [http-nio-8080-exec-4] o.s.w.s.m.m.a.RequestMappingHandlerMapping - Mapped to com.devfullstack.medicinal_plants_api.controller.PlantController#getAll()
2025-10-17 10:43:53 DEBUG [http-nio-8080-exec-3] o.s.w.s.m.m.a.RequestResponseBodyMethodProcessor - Using 'application/json', given [*/*] and supported [application/json, application/*+json]
2025-10-17 10:43:53 DEBUG [http-nio-8080-exec-3] o.s.w.s.m.m.a.RequestResponseBodyMethodProcessor - Writing [[com.devfullstack.medicinal_plants_api.dto.ImageDTO@2b6e4e2b, com.devfullstack.medicinal_plants_api. (truncated)...]
2025-10-17 10:43:53 DEBUG [http-nio-8080-exec-4] org.hibernate.SQL - 
    select
        p1_0.id,
        p1_0.description,
        p1_0.image_url,
        p1_0.name,
        p1_0.origin,
        p1_0.season_found 
    from
        plant p1_0
2025-10-17 10:43:53 DEBUG [http-nio-8080-exec-3] o.s.web.servlet.DispatcherServlet - Completed 200 OK
2025-10-17 10:43:53 DEBUG [http-nio-8080-exec-4] o.s.w.s.m.m.a.HttpEntityMethodProcessor - Using 'application/json', given [*/*] and supported [application/json, application/*+json]
2025-10-17 10:43:53 DEBUG [http-nio-8080-exec-4] o.s.w.s.m.m.a.HttpEntityMethodProcessor - Writing [[PlantResponseDTO(id=89, name=Aloe Vera, origin=Afrique du Nord, description=Plante médicinale connu (truncated)...]
2025-10-17 10:43:53 DEBUG [http-nio-8080-exec-4] o.s.web.servlet.DispatcherServlet - Completed 200 OK
2025-10-17 10:43:53 DEBUG [http-nio-8080-exec-5] o.s.web.servlet.DispatcherServlet - GET "/api/images", parameters={}
2025-10-17 10:43:53 DEBUG [http-nio-8080-exec-5] o.s.w.s.m.m.a.RequestMappingHandlerMapping - Mapped to com.devfullstack.medicinal_plants_api.controller.ImageController#getAllImages()
2025-10-17 10:43:53 DEBUG [http-nio-8080-exec-5] o.s.w.s.m.m.a.RequestResponseBodyMethodProcessor - Using 'application/json', given [*/*] and supported [application/json, application/*+json]
2025-10-17 10:43:53 DEBUG [http-nio-8080-exec-5] o.s.w.s.m.m.a.RequestResponseBodyMethodProcessor - Writing [[com.devfullstack.medicinal_plants_api.dto.ImageDTO@9dbda2e, com.devfullstack.medicinal_plants_api.d (truncated)...]
2025-10-17 10:43:53 DEBUG [http-nio-8080-exec-6] o.s.web.servlet.DispatcherServlet - GET "/api/plants", parameters={}
2025-10-17 10:43:53 DEBUG [http-nio-8080-exec-6] o.s.w.s.m.m.a.RequestMappingHandlerMapping - Mapped to com.devfullstack.medicinal_plants_api.controller.PlantController#getAll()
2025-10-17 10:43:53 DEBUG [http-nio-8080-exec-5] o.s.web.servlet.DispatcherServlet - Completed 200 OK
2025-10-17 10:43:53 DEBUG [http-nio-8080-exec-6] org.hibernate.SQL - 
    select
        p1_0.id,
        p1_0.description,
        p1_0.image_url,
        p1_0.name,
        p1_0.origin,
        p1_0.season_found 
    from
        plant p1_0
2025-10-17 10:43:53 DEBUG [http-nio-8080-exec-7] o.s.web.servlet.DispatcherServlet - GET "/api/images", parameters={}
2025-10-17 10:43:53 DEBUG [http-nio-8080-exec-7] o.s.w.s.m.m.a.RequestMappingHandlerMapping - Mapped to com.devfullstack.medicinal_plants_api.controller.ImageController#getAllImages()
2025-10-17 10:43:53 DEBUG [http-nio-8080-exec-7] o.s.w.s.m.m.a.RequestResponseBodyMethodProcessor - Using 'application/json', given [*/*] and supported [application/json, application/*+json]
2025-10-17 10:43:53 DEBUG [http-nio-8080-exec-7] o.s.w.s.m.m.a.RequestResponseBodyMethodProcessor - Writing [[com.devfullstack.medicinal_plants_api.dto.ImageDTO@e56247, com.devfullstack.medicinal_plants_api.dt (truncated)...]
2025-10-17 10:43:53 DEBUG [http-nio-8080-exec-7] o.s.web.servlet.DispatcherServlet - Completed 200 OK
2025-10-17 10:43:53 DEBUG [http-nio-8080-exec-6] o.s.w.s.m.m.a.HttpEntityMethodProcessor - Using 'application/json', given [*/*] and supported [application/json, application/*+json]
2025-10-17 10:43:53 DEBUG [http-nio-8080-exec-6] o.s.w.s.m.m.a.HttpEntityMethodProcessor - Writing [[PlantResponseDTO(id=89, name=Aloe Vera, origin=Afrique du Nord, description=Plante médicinale connu (truncated)...]
2025-10-17 10:43:53 DEBUG [http-nio-8080-exec-6] o.s.web.servlet.DispatcherServlet - Completed 200 OK
2025-10-17 10:43:53 DEBUG [http-nio-8080-exec-9] o.s.web.servlet.DispatcherServlet - GET "/api/images", parameters={}
2025-10-17 10:43:53 DEBUG [http-nio-8080-exec-9] o.s.w.s.m.m.a.RequestMappingHandlerMapping - Mapped to com.devfullstack.medicinal_plants_api.controller.ImageController#getAllImages()
2025-10-17 10:43:53 DEBUG [http-nio-8080-exec-9] o.s.w.s.m.m.a.RequestResponseBodyMethodProcessor - Using 'application/json', given [*/*] and supported [application/json, application/*+json]
2025-10-17 10:43:53 DEBUG [http-nio-8080-exec-9] o.s.w.s.m.m.a.RequestResponseBodyMethodProcessor - Writing [[com.devfullstack.medicinal_plants_api.dto.ImageDTO@50e57995, com.devfullstack.medicinal_plants_api. (truncated)...]
2025-10-17 10:43:53 DEBUG [http-nio-8080-exec-9] o.s.web.servlet.DispatcherServlet - Completed 200 OK
2025-10-17 10:44:00 DEBUG [http-nio-8080-exec-8] o.s.web.servlet.DispatcherServlet - GET "/api/plants", parameters={}
2025-10-17 10:44:00 DEBUG [http-nio-8080-exec-8] o.s.w.s.m.m.a.RequestMappingHandlerMapping - Mapped to com.devfullstack.medicinal_plants_api.controller.PlantController#getAll()
2025-10-17 10:44:00 DEBUG [http-nio-8080-exec-8] org.hibernate.SQL - 
    select
        p1_0.id,
        p1_0.description,
        p1_0.image_url,
        p1_0.name,
        p1_0.origin,
        p1_0.season_found 
    from
        plant p1_0
2025-10-17 10:44:00 DEBUG [http-nio-8080-exec-8] o.s.w.s.m.m.a.HttpEntityMethodProcessor - Using 'application/json', given [application/json, text/plain, */*] and supported [application/json, application/*+json]
2025-10-17 10:44:00 DEBUG [http-nio-8080-exec-8] o.s.w.s.m.m.a.HttpEntityMethodProcessor - Writing [[PlantResponseDTO(id=89, name=Aloe Vera, origin=Afrique du Nord, description=Plante médicinale connu (truncated)...]
2025-10-17 10:44:00 DEBUG [http-nio-8080-exec-8] o.s.web.servlet.DispatcherServlet - Completed 200 OK
2025-10-17 10:44:00 DEBUG [http-nio-8080-exec-10] o.s.web.servlet.DispatcherServlet - GET "/api/plants", parameters={}
2025-10-17 10:44:00 DEBUG [http-nio-8080-exec-10] o.s.w.s.m.m.a.RequestMappingHandlerMapping - Mapped to com.devfullstack.medicinal_plants_api.controller.PlantController#getAll()
2025-10-17 10:44:00 DEBUG [http-nio-8080-exec-10] org.hibernate.SQL - 
    select
        p1_0.id,
        p1_0.description,
        p1_0.image_url,
        p1_0.name,
        p1_0.origin,
        p1_0.season_found 
    from
        plant p1_0
2025-10-17 10:44:00 DEBUG [http-nio-8080-exec-10] o.s.w.s.m.m.a.HttpEntityMethodProcessor - Using 'application/json', given [application/json, text/plain, */*] and supported [application/json, application/*+json]
2025-10-17 10:44:00 DEBUG [http-nio-8080-exec-10] o.s.w.s.m.m.a.HttpEntityMethodProcessor - Writing [[PlantResponseDTO(id=89, name=Aloe Vera, origin=Afrique du Nord, description=Plante médicinale connu (truncated)...]
2025-10-17 10:44:00 DEBUG [http-nio-8080-exec-10] o.s.web.servlet.DispatcherServlet - Completed 200 OK
2025-10-17 10:45:06 DEBUG [http-nio-8080-exec-8] o.s.web.servlet.DispatcherServlet - GET "/api/plants", parameters={}
2025-10-17 10:45:06 DEBUG [http-nio-8080-exec-8] o.s.w.s.m.m.a.RequestMappingHandlerMapping - Mapped to com.devfullstack.medicinal_plants_api.controller.PlantController#getAll()
2025-10-17 10:45:06 DEBUG [http-nio-8080-exec-8] org.hibernate.SQL - 
    select
        p1_0.id,
        p1_0.description,
        p1_0.image_url,
        p1_0.name,
        p1_0.origin,
        p1_0.season_found 
    from
        plant p1_0
2025-10-17 10:45:06 DEBUG [http-nio-8080-exec-8] o.s.w.s.m.m.a.HttpEntityMethodProcessor - Using 'application/json', given [application/json, text/plain, */*] and supported [application/json, application/*+json]
2025-10-17 10:45:06 DEBUG [http-nio-8080-exec-8] o.s.w.s.m.m.a.HttpEntityMethodProcessor - Writing [[PlantResponseDTO(id=89, name=Aloe Vera, origin=Afrique du Nord, description=Plante médicinale connu (truncated)...]
2025-10-17 10:45:06 DEBUG [http-nio-8080-exec-8] o.s.web.servlet.DispatcherServlet - Completed 200 OK
2025-10-17 10:45:06 DEBUG [http-nio-8080-exec-10] o.s.web.servlet.DispatcherServlet - GET "/api/plants", parameters={}
2025-10-17 10:45:06 DEBUG [http-nio-8080-exec-10] o.s.w.s.m.m.a.RequestMappingHandlerMapping - Mapped to com.devfullstack.medicinal_plants_api.controller.PlantController#getAll()
2025-10-17 10:45:06 DEBUG [http-nio-8080-exec-10] org.hibernate.SQL - 
    select
        p1_0.id,
        p1_0.description,
        p1_0.image_url,
        p1_0.name,
        p1_0.origin,
        p1_0.season_found 
    from
        plant p1_0
2025-10-17 10:45:06 DEBUG [http-nio-8080-exec-10] o.s.w.s.m.m.a.HttpEntityMethodProcessor - Using 'application/json', given [application/json, text/plain, */*] and supported [application/json, application/*+json]
2025-10-17 10:45:06 DEBUG [http-nio-8080-exec-10] o.s.w.s.m.m.a.HttpEntityMethodProcessor - Writing [[PlantResponseDTO(id=89, name=Aloe Vera, origin=Afrique du Nord, description=Plante médicinale connu (truncated)...]
2025-10-17 10:45:06 DEBUG [http-nio-8080-exec-10] o.s.web.servlet.DispatcherServlet - Completed 200 OK
2025-10-17 10:45:21 DEBUG [http-nio-8080-exec-2] o.s.web.servlet.DispatcherServlet - GET "/api/plants", parameters={}
2025-10-17 10:45:21 DEBUG [http-nio-8080-exec-2] o.s.w.s.m.m.a.RequestMappingHandlerMapping - Mapped to com.devfullstack.medicinal_plants_api.controller.PlantController#getAll()
2025-10-17 10:45:21 DEBUG [http-nio-8080-exec-2] org.hibernate.SQL - 
    select
        p1_0.id,
        p1_0.description,
        p1_0.image_url,
        p1_0.name,
        p1_0.origin,
        p1_0.season_found 
    from
        plant p1_0
2025-10-17 10:45:21 DEBUG [http-nio-8080-exec-2] o.s.w.s.m.m.a.HttpEntityMethodProcessor - Using 'application/json;q=0.8', given [text/html, application/xhtml+xml, image/avif, image/webp, image/apng, application/xml;q=0.9, */*;q=0.8, application/signed-exchange;v=b3;q=0.7] and supported [application/json, application/*+json]
2025-10-17 10:45:21 DEBUG [http-nio-8080-exec-2] o.s.w.s.m.m.a.HttpEntityMethodProcessor - Writing [[PlantResponseDTO(id=89, name=Aloe Vera, origin=Afrique du Nord, description=Plante médicinale connu (truncated)...]
2025-10-17 10:45:21 DEBUG [http-nio-8080-exec-2] o.s.web.servlet.DispatcherServlet - Completed 200 OK
2025-10-17 10:45:49 DEBUG [http-nio-8080-exec-3] o.s.web.servlet.DispatcherServlet - GET "/swagger-ui.html", parameters={}
2025-10-17 10:45:49 DEBUG [http-nio-8080-exec-3] o.s.w.s.m.m.a.RequestMappingHandlerMapping - Mapped to org.springdoc.webmvc.ui.SwaggerWelcomeWebMvc#redirectToUi(HttpServletRequest)
2025-10-17 10:45:49 DEBUG [http-nio-8080-exec-3] o.s.w.s.m.m.a.HttpEntityMethodProcessor - Using 'application/json;q=0.8', given [text/html, application/xhtml+xml, image/avif, image/webp, image/apng, application/xml;q=0.9, */*;q=0.8, application/signed-exchange;v=b3;q=0.7] and supported [application/json, application/*+json]
2025-10-17 10:45:49 DEBUG [http-nio-8080-exec-3] o.s.w.s.m.m.a.HttpEntityMethodProcessor - Nothing to write: null body
2025-10-17 10:45:49 DEBUG [http-nio-8080-exec-3] o.s.web.servlet.DispatcherServlet - Completed 302 FOUND
2025-10-17 10:45:51 DEBUG [http-nio-8080-exec-5] org.hibernate.SQL - 
    select
        u1_0.id,
        u1_0.password,
        u1_0.username 
    from
        users u1_0 
    where
        u1_0.username=?
2025-10-17 10:45:51 DEBUG [http-nio-8080-exec-5] org.hibernate.SQL - 
    select
        r1_0.user_id,
        r1_0.roles 
    from
        user_roles r1_0 
    where
        r1_0.user_id=?
2025-10-17 10:45:51 DEBUG [http-nio-8080-exec-5] o.s.web.servlet.DispatcherServlet - GET "/swagger-ui/index.html", parameters={}
2025-10-17 10:45:51 DEBUG [http-nio-8080-exec-5] o.s.w.s.h.SimpleUrlHandlerMapping - Mapped to ResourceHttpRequestHandler [classpath [META-INF/resources/webjars/]]
2025-10-17 10:45:51 DEBUG [http-nio-8080-exec-5] o.s.web.servlet.DispatcherServlet - Completed 200 OK
2025-10-17 10:45:51 DEBUG [http-nio-8080-exec-7] org.hibernate.SQL - 
    select
        u1_0.id,
        u1_0.password,
        u1_0.username 
    from
        users u1_0 
    where
        u1_0.username=?
2025-10-17 10:45:51 DEBUG [http-nio-8080-exec-7] org.hibernate.SQL - 
    select
        r1_0.user_id,
        r1_0.roles 
    from
        user_roles r1_0 
    where
        r1_0.user_id=?
2025-10-17 10:45:51 DEBUG [http-nio-8080-exec-6] org.hibernate.SQL - 
    select
        u1_0.id,
        u1_0.password,
        u1_0.username 
    from
        users u1_0 
    where
        u1_0.username=?
2025-10-17 10:45:51 DEBUG [http-nio-8080-exec-6] org.hibernate.SQL - 
    select
        r1_0.user_id,
        r1_0.roles 
    from
        user_roles r1_0 
    where
        r1_0.user_id=?
2025-10-17 10:45:51 DEBUG [http-nio-8080-exec-9] org.hibernate.SQL - 
    select
        u1_0.id,
        u1_0.password,
        u1_0.username 
    from
        users u1_0 
    where
        u1_0.username=?
2025-10-17 10:45:51 DEBUG [http-nio-8080-exec-9] org.hibernate.SQL - 
    select
        r1_0.user_id,
        r1_0.roles 
    from
        user_roles r1_0 
    where
        r1_0.user_id=?
2025-10-17 10:45:51 DEBUG [http-nio-8080-exec-7] o.s.web.servlet.DispatcherServlet - GET "/swagger-ui/swagger-initializer.js", parameters={}
2025-10-17 10:45:51 DEBUG [http-nio-8080-exec-7] o.s.w.s.h.SimpleUrlHandlerMapping - Mapped to ResourceHttpRequestHandler [classpath [META-INF/resources/webjars/]]
2025-10-17 10:45:51 DEBUG [http-nio-8080-exec-6] o.s.web.servlet.DispatcherServlet - GET "/swagger-ui/swagger-ui-standalone-preset.js", parameters={}
2025-10-17 10:45:51 DEBUG [http-nio-8080-exec-6] o.s.w.s.h.SimpleUrlHandlerMapping - Mapped to ResourceHttpRequestHandler [classpath [META-INF/resources/webjars/]]
2025-10-17 10:45:51 DEBUG [http-nio-8080-exec-6] o.s.web.servlet.DispatcherServlet - Completed 200 OK
2025-10-17 10:45:51 DEBUG [http-nio-8080-exec-7] o.s.web.servlet.DispatcherServlet - Completed 200 OK
2025-10-17 10:45:51 DEBUG [http-nio-8080-exec-9] o.s.web.servlet.DispatcherServlet - GET "/swagger-ui/swagger-ui-bundle.js", parameters={}
2025-10-17 10:45:51 DEBUG [http-nio-8080-exec-9] o.s.w.s.h.SimpleUrlHandlerMapping - Mapped to ResourceHttpRequestHandler [classpath [META-INF/resources/webjars/]]
2025-10-17 10:45:51 DEBUG [http-nio-8080-exec-9] o.s.web.servlet.DispatcherServlet - Completed 200 OK
2025-10-17 10:45:52 DEBUG [http-nio-8080-exec-10] org.hibernate.SQL - 
    select
        u1_0.id,
        u1_0.password,
        u1_0.username 
    from
        users u1_0 
    where
        u1_0.username=?
2025-10-17 10:45:52 DEBUG [http-nio-8080-exec-10] org.hibernate.SQL - 
    select
        r1_0.user_id,
        r1_0.roles 
    from
        user_roles r1_0 
    where
        r1_0.user_id=?
2025-10-17 10:45:52 DEBUG [http-nio-8080-exec-10] o.s.web.servlet.DispatcherServlet - GET "/api-docs/swagger-config", parameters={}
2025-10-17 10:45:52 DEBUG [http-nio-8080-exec-10] o.s.w.s.m.m.a.RequestMappingHandlerMapping - Mapped to org.springdoc.webmvc.ui.SwaggerConfigResource#openapiJson(HttpServletRequest)
2025-10-17 10:45:52 DEBUG [http-nio-8080-exec-10] o.s.w.s.m.m.a.RequestResponseBodyMethodProcessor - Using 'application/json', given [*/*] and supported [application/json]
2025-10-17 10:45:52 DEBUG [http-nio-8080-exec-10] o.s.w.s.m.m.a.RequestResponseBodyMethodProcessor - Writing [{configUrl=/api-docs/swagger-config, oauth2RedirectUrl=http://localhost:8080/swagger-ui/oauth2-redir (truncated)...]
2025-10-17 10:45:52 DEBUG [http-nio-8080-exec-10] o.s.web.servlet.DispatcherServlet - Completed 200 OK
2025-10-17 10:45:52 DEBUG [http-nio-8080-exec-1] org.hibernate.SQL - 
    select
        u1_0.id,
        u1_0.password,
        u1_0.username 
    from
        users u1_0 
    where
        u1_0.username=?
2025-10-17 10:45:52 DEBUG [http-nio-8080-exec-1] org.hibernate.SQL - 
    select
        r1_0.user_id,
        r1_0.roles 
    from
        user_roles r1_0 
    where
        r1_0.user_id=?
2025-10-17 10:45:52 DEBUG [http-nio-8080-exec-1] o.s.web.servlet.DispatcherServlet - GET "/api-docs", parameters={}
2025-10-17 10:45:52 DEBUG [http-nio-8080-exec-1] o.s.w.s.m.m.a.RequestMappingHandlerMapping - Mapped to org.springdoc.webmvc.api.OpenApiWebMvcResource#openapiJson(HttpServletRequest, String, Locale)
2025-10-17 10:45:53 INFO  [http-nio-8080-exec-1] o.s.api.AbstractOpenApiResource - Init duration for springdoc-openapi is: 680 ms
2025-10-17 10:45:53 DEBUG [http-nio-8080-exec-1] o.s.w.s.m.m.a.RequestResponseBodyMethodProcessor - Using 'application/json', given [application/json, */*] and supported [application/json]
2025-10-17 10:45:53 DEBUG [http-nio-8080-exec-1] o.s.w.s.m.m.a.RequestResponseBodyMethodProcessor - Writing [{123, 34, 111, 112, 101, 110, 97, 112, 105, 34, 58, 34, 51, 46, 48, 46, 49, 34, 44, 34, 105, 110, 10 (truncated)...]
2025-10-17 10:45:53 DEBUG [http-nio-8080-exec-1] o.s.web.servlet.DispatcherServlet - Completed 200 OK
2025-10-17 10:45:55 DEBUG [http-nio-8080-exec-3] org.hibernate.SQL - 
    select
        u1_0.id,
        u1_0.password,
        u1_0.username 
    from
        users u1_0 
    where
        u1_0.username=?
2025-10-17 10:45:55 DEBUG [http-nio-8080-exec-3] org.hibernate.SQL - 
    select
        r1_0.user_id,
        r1_0.roles 
    from
        user_roles r1_0 
    where
        r1_0.user_id=?
2025-10-17 10:45:56 DEBUG [http-nio-8080-exec-3] o.s.web.servlet.DispatcherServlet - GET "/swagger-ui/swagger-initializer.js", parameters={}
2025-10-17 10:45:56 DEBUG [http-nio-8080-exec-3] o.s.w.s.h.SimpleUrlHandlerMapping - Mapped to ResourceHttpRequestHandler [classpath [META-INF/resources/webjars/]]
2025-10-17 10:45:56 DEBUG [http-nio-8080-exec-3] o.s.web.servlet.DispatcherServlet - Completed 200 OK
2025-10-17 10:46:02 DEBUG [http-nio-8080-exec-4] org.hibernate.SQL - 
    select
        u1_0.id,
        u1_0.password,
        u1_0.username 
    from
        users u1_0 
    where
        u1_0.username=?
2025-10-17 10:46:02 DEBUG [http-nio-8080-exec-4] org.hibernate.SQL - 
    select
        r1_0.user_id,
        r1_0.roles 
    from
        user_roles r1_0 
    where
        r1_0.user_id=?
2025-10-17 10:46:03 DEBUG [http-nio-8080-exec-4] o.s.web.servlet.DispatcherServlet - GET "/api/plants", parameters={}
2025-10-17 10:46:03 DEBUG [http-nio-8080-exec-4] o.s.w.s.m.m.a.RequestMappingHandlerMapping - Mapped to com.devfullstack.medicinal_plants_api.controller.PlantController#getAll()
2025-10-17 10:46:03 DEBUG [http-nio-8080-exec-4] org.hibernate.SQL - 
    select
        p1_0.id,
        p1_0.description,
        p1_0.image_url,
        p1_0.name,
        p1_0.origin,
        p1_0.season_found 
    from
        plant p1_0
2025-10-17 10:46:03 DEBUG [http-nio-8080-exec-4] o.s.w.s.m.m.a.HttpEntityMethodProcessor - Using 'application/json', given [*/*] and supported [application/json, application/*+json]
2025-10-17 10:46:03 DEBUG [http-nio-8080-exec-4] o.s.w.s.m.m.a.HttpEntityMethodProcessor - Writing [[PlantResponseDTO(id=89, name=Aloe Vera, origin=Afrique du Nord, description=Plante médicinale connu (truncated)...]
2025-10-17 10:46:03 DEBUG [http-nio-8080-exec-4] o.s.web.servlet.DispatcherServlet - Completed 200 OK
2025-10-17 10:46:13 DEBUG [http-nio-8080-exec-7] org.hibernate.SQL - 
    select
        u1_0.id,
        u1_0.password,
        u1_0.username 
    from
        users u1_0 
    where
        u1_0.username=?
2025-10-17 10:46:13 DEBUG [http-nio-8080-exec-7] org.hibernate.SQL - 
    select
        r1_0.user_id,
        r1_0.roles 
    from
        user_roles r1_0 
    where
        r1_0.user_id=?
2025-10-17 10:46:13 DEBUG [http-nio-8080-exec-7] o.s.web.servlet.DispatcherServlet - GET "/users", parameters={}
2025-10-17 10:46:13 DEBUG [http-nio-8080-exec-7] o.s.w.s.m.m.a.RequestMappingHandlerMapping - Mapped to com.devfullstack.medicinal_plants_api.controller.UserController#getAllUsers()
2025-10-17 10:46:13 DEBUG [http-nio-8080-exec-7] org.hibernate.SQL - 
    select
        u1_0.id,
        u1_0.password,
        u1_0.username 
    from
        users u1_0
2025-10-17 10:46:13 DEBUG [http-nio-8080-exec-7] org.hibernate.SQL - 
    select
        r1_0.user_id,
        r1_0.roles 
    from
        user_roles r1_0 
    where
        r1_0.user_id=?
2025-10-17 10:46:13 DEBUG [http-nio-8080-exec-7] org.hibernate.SQL - 
    select
        r1_0.user_id,
        r1_0.roles 
    from
        user_roles r1_0 
    where
        r1_0.user_id=?
2025-10-17 10:46:13 DEBUG [http-nio-8080-exec-7] o.s.w.s.m.m.a.RequestResponseBodyMethodProcessor - Using 'application/json', given [*/*] and supported [application/json, application/*+json]
2025-10-17 10:46:13 DEBUG [http-nio-8080-exec-7] o.s.w.s.m.m.a.RequestResponseBodyMethodProcessor - Writing [[User(id=1, username=admin, password=$2a$10$lekeRud50eE2tqLwW9nED.fPoyAQ2uIy04YJZkuflGAovEWPs2/T2, r (truncated)...]
2025-10-17 10:46:13 DEBUG [http-nio-8080-exec-7] o.s.web.servlet.DispatcherServlet - Completed 200 OK
